<?xml version="1.0" encoding="UTF-8"?>
<!-- Generated by org.testng.reporters.JUnitReportReporter -->
<testsuite hostname="VCs-MacBook-Pro.local" failures="0" tests="2" name="com.framework.AppiumAndroidFramework.ProductAddToCart" time="49.684" errors="0" timestamp="2023-08-09T16:09:44 IST" skipped="0">
  <testcase classname="com.framework.AppiumAndroidFramework.ProductAddToCart" name="addToCart" time="25.682"/>
  <testcase classname="com.framework.AppiumAndroidFramework.ProductAddToCart" name="addToCart" time="24.002"/>
</testsuite> <!-- com.framework.AppiumAndroidFramework.ProductAddToCart -->
