<?xml version="1.0" encoding="UTF-8"?>
<!-- Generated by org.testng.reporters.JUnitReportReporter -->
<testsuite hostname="VCs-MacBook-Pro.local" failures="0" tests="1" name="com.appium.AppiumBasics" time="24.948" errors="0" timestamp="2023-07-21T10:44:10 IST" skipped="0">
  <testcase classname="com.appium.AppiumBasics" name="appiumTest" time="24.948"/>
</testsuite> <!-- com.appium.AppiumBasics -->
