<?xml version="1.0" encoding="UTF-8"?>
<!-- Generated by org.testng.reporters.JUnitReportReporter -->
<testsuite hostname="VCs-MacBook-Pro.local" failures="0" tests="1" name="Sample" time="4.022" errors="0" timestamp="2023-07-24T15:30:40 IST" skipped="0">
  <testcase classname="Sample" name="add" time="4.022"/>
</testsuite> <!-- Sample -->
