<?xml version="1.0" encoding="UTF-8"?>
<!-- Generated by org.testng.reporters.JUnitReportReporter -->
<testsuite hostname="VCs-MacBook-Pro.local" failures="0" tests="1" name="com.generalstore.TestCaseFormFilling" time="41.497" errors="0" timestamp="2023-08-08T13:13:01 IST" skipped="0">
  <testcase classname="com.generalstore.TestCaseFormFilling" name="testingFormGeneralStore" time="41.497"/>
</testsuite> <!-- com.generalstore.TestCaseFormFilling -->
