<?xml version="1.0" encoding="UTF-8"?>
<!-- Generated by org.testng.reporters.JUnitReportReporter -->
<testsuite hostname="VCs-MacBook-Pro.local" failures="0" tests="2" name="com.generalstore.ParallelTestsing" time="98.092" errors="0" timestamp="2023-08-09T15:39:37 IST" skipped="0">
  <testcase classname="com.generalstore.ParallelTestsing" name="testingFormGeneralStore" time="52.244"/>
  <testcase classname="com.generalstore.ParallelTestsing" name="testingToCart" time="45.848"/>
</testsuite> <!-- com.generalstore.ParallelTestsing -->
