<?xml version="1.0" encoding="UTF-8"?>
<!-- Generated by org.testng.reporters.JUnitReportReporter -->
<testsuite hostname="VCs-MacBook-Pro.local" failures="0" tests="1" name="com.generalstore.TestCaseProductList" time="34.297" errors="0" timestamp="2023-08-08T20:55:07 IST" skipped="0">
  <testcase classname="com.generalstore.TestCaseProductList" name="summingProduct" time="34.297"/>
</testsuite> <!-- com.generalstore.TestCaseProductList -->
