<?xml version="1.0" encoding="UTF-8"?>
<!-- Generated by org.testng.reporters.JUnitReportReporter -->
<testsuite hostname="VCs-MacBook-Pro.local" failures="0" tests="2" name="com.appium.MobileGesturesInAndroid" time="50.066" errors="0" timestamp="2023-08-06T22:24:09 IST" skipped="0">
  <testcase classname="com.appium.MobileGesturesInAndroid" name="scrolling" time="23.481"/>
  <testcase classname="com.appium.MobileGesturesInAndroid" name="longpressGesture" time="26.585"/>
</testsuite> <!-- com.appium.MobileGesturesInAndroid -->
