<?xml version="1.0" encoding="UTF-8"?>
<!-- Generated by org.testng.reporters.JUnitReportReporter -->
<testsuite hostname="VCs-MacBook-Pro.local" failures="0" tests="1" name="com.redmi.RealDeviceCalculator" time="20.791" errors="1" timestamp="2023-07-28T10:48:48 IST" skipped="0">
  <testcase classname="com.redmi.RealDeviceCalculator" name="calculator" time="20.791">
    <error message="Could not start a new session. Response code 500. Message: An unknown server-side error occurred while processing the command. Original error: Could not find a connected Android device in 20221ms. 
Host info: host: &#039;VCs-MacBook-Pro.local&#039;, ip: &#039;fe80:0:0:0:1c14:ce97:56ef:f5f2%en0&#039;
Build info: version: &#039;4.10.0&#039;, revision: &#039;c14d967899&#039;
System info: os.name: &#039;Mac OS X&#039;, os.arch: &#039;x86_64&#039;, os.version: &#039;13.1&#039;, java.version: &#039;17.0.7&#039;
Driver info: io.appium.java_client.android.AndroidDriver
Command: [null, newSession {capabilities=[{appium:appActivity=com.miui.calculator.cal.CalculatorActivity, appium:appPackage=com.miui.calculator, appium:automationName=UIAutomator2, appium:deviceName=Sibi, appium:newCommandTimeout=100000, appium:noReset=true, platformName=ANDROID, appium:platformVersion=14.0.5, appium:udid=lfzhn7rwk7irbqbe}], desiredCapabilities=Capabilities {appActivity: com.miui.calculator.cal.Cal..., appPackage: com.miui.calculator, automationName: UIAutomator2, deviceName: Sibi, newCommandTimeout: 100000, noReset: true, platformName: ANDROID, platformVersion: 14.0.5, udid: lfzhn7rwk7irbqbe}}]
Capabilities {appActivity: com.miui.calculator.cal.Cal..., appPackage: com.miui.calculator, automationName: UIAutomator2, deviceName: Sibi, newCommandTimeout: 100000, noReset: true, platformName: ANDROID, platformVersion: 14.0.5, udid: lfzhn7rwk7irbqbe}" type="org.openqa.selenium.SessionNotCreatedException">
      <![CDATA[org.openqa.selenium.SessionNotCreatedException: Could not start a new session. Response code 500. Message: An unknown server-side error occurred while processing the command. Original error: Could not find a connected Android device in 20221ms. 
Host info: host: 'VCs-MacBook-Pro.local', ip: 'fe80:0:0:0:1c14:ce97:56ef:f5f2%en0'
Build info: version: '4.10.0', revision: 'c14d967899'
System info: os.name: 'Mac OS X', os.arch: 'x86_64', os.version: '13.1', java.version: '17.0.7'
Driver info: io.appium.java_client.android.AndroidDriver
Command: [null, newSession {capabilities=[{appium:appActivity=com.miui.calculator.cal.CalculatorActivity, appium:appPackage=com.miui.calculator, appium:automationName=UIAutomator2, appium:deviceName=Sibi, appium:newCommandTimeout=100000, appium:noReset=true, platformName=ANDROID, appium:platformVersion=14.0.5, appium:udid=lfzhn7rwk7irbqbe}], desiredCapabilities=Capabilities {appActivity: com.miui.calculator.cal.Cal..., appPackage: com.miui.calculator, automationName: UIAutomator2, deviceName: Sibi, newCommandTimeout: 100000, noReset: true, platformName: ANDROID, platformVersion: 14.0.5, udid: lfzhn7rwk7irbqbe}}]
Capabilities {appActivity: com.miui.calculator.cal.Cal..., appPackage: com.miui.calculator, automationName: UIAutomator2, deviceName: Sibi, newCommandTimeout: 100000, noReset: true, platformName: ANDROID, platformVersion: 14.0.5, udid: lfzhn7rwk7irbqbe}
at org.openqa.selenium.remote.ProtocolHandshake.createSession(ProtocolHandshake.java:140)
at java.base/jdk.internal.reflect.NativeMethodAccessorImpl.invoke0(Native Method)
at java.base/jdk.internal.reflect.NativeMethodAccessorImpl.invoke(NativeMethodAccessorImpl.java:77)
at java.base/jdk.internal.reflect.DelegatingMethodAccessorImpl.invoke(DelegatingMethodAccessorImpl.java:43)
at java.base/java.lang.reflect.Method.invoke(Method.java:568)
at io.appium.java_client.remote.AppiumProtocolHandshake.createSession(AppiumProtocolHandshake.java:133)
at io.appium.java_client.remote.AppiumProtocolHandshake.createSession(AppiumProtocolHandshake.java:102)
at io.appium.java_client.remote.AppiumCommandExecutor.createSession(AppiumCommandExecutor.java:182)
at io.appium.java_client.remote.AppiumCommandExecutor.execute(AppiumCommandExecutor.java:250)
at org.openqa.selenium.remote.RemoteWebDriver.execute(RemoteWebDriver.java:531)
at io.appium.java_client.AppiumDriver.startSession(AppiumDriver.java:274)
at org.openqa.selenium.remote.RemoteWebDriver.<init>(RemoteWebDriver.java:154)
at io.appium.java_client.AppiumDriver.<init>(AppiumDriver.java:89)
at io.appium.java_client.AppiumDriver.<init>(AppiumDriver.java:101)
at io.appium.java_client.android.AndroidDriver.<init>(AndroidDriver.java:113)
at com.redmi.RealDeviceCalculator.calculator(RealDeviceCalculator.java:36)
at java.base/jdk.internal.reflect.NativeMethodAccessorImpl.invoke0(Native Method)
at java.base/jdk.internal.reflect.NativeMethodAccessorImpl.invoke(NativeMethodAccessorImpl.java:77)
at java.base/jdk.internal.reflect.DelegatingMethodAccessorImpl.invoke(DelegatingMethodAccessorImpl.java:43)
at java.base/java.lang.reflect.Method.invoke(Method.java:568)
at org.testng.internal.invokers.MethodInvocationHelper.invokeMethod(MethodInvocationHelper.java:139)
at org.testng.internal.invokers.TestInvoker.invokeMethod(TestInvoker.java:664)
at org.testng.internal.invokers.TestInvoker.invokeTestMethod(TestInvoker.java:227)
at org.testng.internal.invokers.MethodRunner.runInSequence(MethodRunner.java:50)
at org.testng.internal.invokers.TestInvoker$MethodInvocationAgent.invoke(TestInvoker.java:957)
at org.testng.internal.invokers.TestInvoker.invokeTestMethods(TestInvoker.java:200)
at org.testng.internal.invokers.TestMethodWorker.invokeTestMethods(TestMethodWorker.java:148)
at org.testng.internal.invokers.TestMethodWorker.run(TestMethodWorker.java:128)
at java.base/java.util.ArrayList.forEach(ArrayList.java:1511)
at org.testng.TestRunner.privateRun(TestRunner.java:848)
at org.testng.TestRunner.run(TestRunner.java:621)
at org.testng.SuiteRunner.runTest(SuiteRunner.java:443)
at org.testng.SuiteRunner.runSequentially(SuiteRunner.java:437)
at org.testng.SuiteRunner.privateRun(SuiteRunner.java:397)
at org.testng.SuiteRunner.run(SuiteRunner.java:336)
at org.testng.SuiteRunnerWorker.runSuite(SuiteRunnerWorker.java:52)
at org.testng.SuiteRunnerWorker.run(SuiteRunnerWorker.java:95)
at org.testng.TestNG.runSuitesSequentially(TestNG.java:1280)
at org.testng.TestNG.runSuitesLocally(TestNG.java:1200)
at org.testng.TestNG.runSuites(TestNG.java:1114)
at org.testng.TestNG.run(TestNG.java:1082)
at org.testng.remote.AbstractRemoteTestNG.run(AbstractRemoteTestNG.java:115)
at org.testng.remote.RemoteTestNG.initAndRun(RemoteTestNG.java:251)
at org.testng.remote.RemoteTestNG.main(RemoteTestNG.java:77)
]]>
    </error>
  </testcase> <!-- calculator -->
</testsuite> <!-- com.redmi.RealDeviceCalculator -->
