<?xml version="1.0" encoding="UTF-8"?>
<!-- Generated by org.testng.reporters.JUnitReportReporter -->
<testsuite hostname="VCs-MacBook-Pro.local" failures="0" tests="1" name="com.appium.MobileGesturesInAndroid" time="23.514" errors="0" timestamp="2023-08-07T13:20:29 IST" skipped="0">
  <testcase classname="com.appium.MobileGesturesInAndroid" name="draggingAndDropping" time="23.514"/>
</testsuite> <!-- com.appium.MobileGesturesInAndroid -->
