<?xml version="1.0" encoding="UTF-8"?>
<!-- Generated by org.testng.reporters.JUnitReportReporter -->
<testsuite hostname="VCs-MacBook-Pro.local" failures="0" tests="1" name="com.appium.MiscellaneousGestures" time="30.297" errors="0" timestamp="2023-08-08T11:35:44 IST" skipped="0">
  <testcase classname="com.appium.MiscellaneousGestures" name="miscellaneousGestures" time="30.297"/>
</testsuite> <!-- com.appium.MiscellaneousGestures -->
