<?xml version="1.0" encoding="UTF-8"?>
<!-- Generated by org.testng.reporters.JUnitReportReporter -->
<testsuite hostname="VCs-MacBook-Pro.local" failures="0" tests="1" name="com.appium.AppiumBasics" time="26.642" errors="0" timestamp="2023-07-28T10:58:19 IST" skipped="0">
  <testcase classname="com.appium.AppiumBasics" name="appiumTest" time="26.642"/>
</testsuite> <!-- com.appium.AppiumBasics -->
