<?xml version="1.0" encoding="UTF-8"?>
<!-- Generated by org.testng.reporters.JUnitReportReporter -->
<testsuite hostname="VCs-MacBook-Pro.local" failures="0" tests="1" name="com.appium.AppiumBasics" time="23.874" errors="0" timestamp="2023-08-06T11:30:28 IST" skipped="0">
  <testcase classname="com.appium.AppiumBasics" name="appiumTest" time="23.874"/>
</testsuite> <!-- com.appium.AppiumBasics -->
