<?xml version="1.0" encoding="UTF-8"?>
<!-- Generated by org.testng.reporters.JUnitReportReporter -->
<testsuite hostname="VCs-MacBook-Pro.local" failures="0" tests="1" name="com.appium.AppiumBasics" time="23.220" errors="0" timestamp="2023-07-24T23:08:42 IST" skipped="0">
  <testcase classname="com.appium.AppiumBasics" name="appiumTest" time="23.220"/>
</testsuite> <!-- com.appium.AppiumBasics -->
