<?xml version="1.0" encoding="UTF-8"?>
<!-- Generated by org.testng.reporters.JUnitReportReporter -->
<testsuite hostname="VCs-MacBook-Pro.local" failures="0" tests="1" name="com.generalstore.TestCaseProductAdding" time="33.369" errors="0" timestamp="2023-08-08T18:17:53 IST" skipped="0">
  <testcase classname="com.generalstore.TestCaseProductAdding" name="addToCart" time="33.369"/>
</testsuite> <!-- com.generalstore.TestCaseProductAdding -->
