<?xml version="1.0" encoding="UTF-8"?>
<!-- Generated by org.testng.reporters.JUnitReportReporter -->
<testsuite hostname="VCs-MacBook-Pro.local" failures="0" tests="1" name="com.appium.AppiumBaseTest" time="0.011" errors="0" timestamp="2023-07-23T12:06:33 IST" skipped="0">
  <testcase classname="com.appium.AppiumBaseTest" name="configurationForAppium" time="0.011"/>
</testsuite> <!-- com.appium.AppiumBaseTest -->
