<?xml version="1.0" encoding="UTF-8"?>
<!-- Generated by org.testng.reporters.JUnitReportReporter -->
<testsuite hostname="VCs-MacBook-Pro.local" failures="0" tests="1" name="com.appium.AppiumBaseTest" time="42.206" errors="0" timestamp="2023-07-26T19:17:25 IST" skipped="0">
  <testcase classname="com.appium.AppiumBaseTest" name="configurationForAppium" time="42.206"/>
</testsuite> <!-- com.appium.AppiumBaseTest -->
