<?xml version="1.0" encoding="UTF-8"?>
<!-- Generated by org.testng.reporters.JUnitReportReporter -->
<testsuite hostname="VCs-MacBook-Pro.local" failures="0" tests="1" name="com.generalstore.TestCaseFormFilling" time="63.538" errors="0" timestamp="2023-08-08T12:19:53 IST" skipped="0">
  <testcase classname="com.generalstore.TestCaseFormFilling" name="testingFormGeneralStore" time="63.538"/>
</testsuite> <!-- com.generalstore.TestCaseFormFilling -->
